#
# A fatal error has been detected by the Java Runtime Environment:
#
#  EXCEPTION_ACCESS_VIOLATION (0xc0000005) at pc=0x0000000002ae95ef, pid=6696, tid=0x0000000000001b50
#
# JRE version: Java(TM) SE Runtime Environment (8.0_221-b11) (build 1.8.0_221-b11)
# Java VM: Java HotSpot(TM) 64-Bit Server VM (25.221-b11 mixed mode windows-amd64 compressed oops)
# Problematic frame:
# J 457 C1 java.lang.invoke.MethodTypeForm.cachedLambdaForm(I)Ljava/lang/invoke/LambdaForm; (44 bytes) @ 0x0000000002ae95ef [0x0000000002ae9420+0x1cf]
#
# Failed to write core dump. Minidumps are not enabled by default on client versions of Windows
#
# If you would like to submit a bug report, please visit:
#   http://bugreport.java.com/bugreport/crash.jsp
#

---------------  T H R E A D  ---------------

Current thread (0x000000001aaaa800):  JavaThread "JavaFX-Launcher" [_thread_in_Java, id=6992, stack(0x000000001d7f0000,0x000000001d8f0000)]

siginfo: ExceptionCode=0xc0000005, reading address 0x00002000181ffd48

Registers:
RAX=0x000000078abbd9b0, RBX=0x0000200000000128, RCX=0x000000078abba528, RDX=0x000000078abba528
RSP=0x000000001d8ee200, RBP=0x000000001d8ee2b8, RSI=0x000000078abbad20, RDI=0x00000000181ffc20
R8 =0x0000000000000001, R9 =0x000000078ab52d50, R10=0x000000006fc076a0, R11=0x0000000002ae9440
R12=0x0000000000000000, R13=0x000000001d8ee268, R14=0x000000001d8ee2d8, R15=0x000000001aaaa800
RIP=0x0000000002ae95ef, EFLAGS=0x0000000000010202

Top of Stack: (sp=0x000000001d8ee200)
0x000000001d8ee200:   000000078abab6f0 000000078ab447c8
0x000000001d8ee210:   000000001d8ee210 0000000000000000
0x000000001d8ee220:   000000001d8ee278 0000000017f66988
0x000000001d8ee230:   0000000000000000 0000000017f3b1b8
0x000000001d8ee240:   0000000000000000 000000001d8ee270
0x000000001d8ee250:   000000001d8ee2b8 00000000028e80e0
0x000000001d8ee260:   00000000028e80e0 0000000000000001
0x000000001d8ee270:   000000078abba528 000000001d8ee278
0x000000001d8ee280:   0000000017f0edad 000000001d8ee2d8
0x000000001d8ee290:   000000001812a228 0000000000000000
0x000000001d8ee2a0:   0000000017f0edc8 000000001d8ee268
0x000000001d8ee2b0:   000000001d8ee2d0 000000001d8ee320
0x000000001d8ee2c0:   00000000028e80e0 0000000000000000
0x000000001d8ee2d0:   0000000000000001 000000078abba4e8
0x000000001d8ee2e0:   000000001d8ee2e0 0000000017f0eccf
0x000000001d8ee2f0:   000000001d8ee348 000000001812a228 

Instructions: (pc=0x0000000002ae95ef)
0x0000000002ae95cf:   1f 18 00 00 00 00 48 bb 18 01 00 00 00 00 00 00
0x0000000002ae95df:   0f 84 0a 00 00 00 48 bb 28 01 00 00 00 20 00 00
0x0000000002ae95ef:   48 8b 14 1f 48 8d 52 01 48 89 14 1f 0f 84 4f 00
0x0000000002ae95ff:   00 00 48 8b 78 20 48 bb a0 18 b0 8a 07 00 00 00 


Register to memory mapping:

RAX=0x000000078abbd9b0 is an oop
java.lang.ref.SoftReference 
 - klass: 'java/lang/ref/SoftReference'
RBX=0x0000200000000128 is an unknown value
RCX=0x000000078abba528 is an oop
java.lang.invoke.MethodTypeForm 
 - klass: 'java/lang/invoke/MethodTypeForm'
RDX=0x000000078abba528 is an oop
java.lang.invoke.MethodTypeForm 
 - klass: 'java/lang/invoke/MethodTypeForm'
RSP=0x000000001d8ee200 is pointing into the stack for thread: 0x000000001aaaa800
RBP=0x000000001d8ee2b8 is pointing into the stack for thread: 0x000000001aaaa800
RSI=0x000000078abbad20 is an oop
java.lang.invoke.LambdaForm 
 - klass: 'java/lang/invoke/LambdaForm'
RDI=0x00000000181ffc20 is pointing into metadata
R8 =0x0000000000000001 is an unknown value
R9 =0x000000078ab52d50 is an oop
java.lang.Class 
 - klass: 'java/lang/Class'
R10=0x000000006fc076a0 is an unknown value
R11=0x0000000002ae9440 is at entry_point+32 in (nmethod*)0x0000000002ae9290
R12=0x0000000000000000 is an unknown value
R13=0x000000001d8ee268 is pointing into the stack for thread: 0x000000001aaaa800
R14=0x000000001d8ee2d8 is pointing into the stack for thread: 0x000000001aaaa800
R15=0x000000001aaaa800 is a thread


Stack: [0x000000001d7f0000,0x000000001d8f0000],  sp=0x000000001d8ee200,  free space=1016k
Native frames: (J=compiled Java code, j=interpreted, Vv=VM code, C=native code)
C  0x0000000002ae95ef


---------------  P R O C E S S  ---------------

Java Threads: ( => current thread )
  0x000000001aaae000 JavaThread "Thread-3" daemon [_thread_in_native, id=7384, stack(0x000000001d940000,0x000000001da40000)]
=>0x000000001aaaa800 JavaThread "JavaFX-Launcher" [_thread_in_Java, id=6992, stack(0x000000001d7f0000,0x000000001d8f0000)]
  0x000000001aa56800 JavaThread "JavaFX Application Thread" [_thread_in_native, id=4472, stack(0x000000001b490000,0x000000001b590000)]
  0x000000001aa7c800 JavaThread "Thread-1" daemon [_thread_blocked, id=4136, stack(0x000000001b700000,0x000000001b800000)]
  0x000000001aa71800 JavaThread "QuantumRenderer-0" daemon [_thread_blocked, id=3116, stack(0x000000001b380000,0x000000001b480000)]
  0x000000001a263000 JavaThread "Service Thread" daemon [_thread_blocked, id=1496, stack(0x000000001a930000,0x000000001aa30000)]
  0x000000001a1dc000 JavaThread "C1 CompilerThread2" daemon [_thread_blocked, id=7620, stack(0x000000001a6c0000,0x000000001a7c0000)]
  0x000000001a1d1000 JavaThread "C2 CompilerThread1" daemon [_thread_blocked, id=8056, stack(0x00000000197a0000,0x00000000198a0000)]
  0x00000000188b6800 JavaThread "C2 CompilerThread0" daemon [_thread_blocked, id=5080, stack(0x000000001a0d0000,0x000000001a1d0000)]
  0x00000000188b4000 JavaThread "Attach Listener" daemon [_thread_blocked, id=5652, stack(0x0000000019c00000,0x0000000019d00000)]
  0x00000000188b0800 JavaThread "Signal Dispatcher" daemon [_thread_blocked, id=1860, stack(0x0000000019e60000,0x0000000019f60000)]
  0x000000001889a000 JavaThread "Finalizer" daemon [_thread_blocked, id=7888, stack(0x0000000019d60000,0x0000000019e60000)]
  0x0000000018853000 JavaThread "Reference Handler" daemon [_thread_blocked, id=7904, stack(0x0000000019aa0000,0x0000000019ba0000)]
  0x000000000240f000 JavaThread "main" [_thread_blocked, id=8064, stack(0x00000000022b0000,0x00000000023b0000)]

Other Threads:
  0x000000001884b800 VMThread [stack: 0x00000000198c0000,0x00000000199c0000] [id=7972]
  0x000000001a269800 WatcherThread [stack: 0x0000000019fc0000,0x000000001a0c0000] [id=4248]

VM state:not at safepoint (normal execution)

VM Mutex/Monitor currently owned by a thread: None

heap address: 0x0000000720000000, size: 2560 MB, Compressed Oops mode: Zero based, Oop shift amount: 3
Narrow klass base: 0x0000000000000000, Narrow klass shift: 3
Compressed class space size: 1073741824 Address: 0x00000007c0000000

Heap:
 PSYoungGen      total 47616K, used 12461K [0x000000078ab00000, 0x000000078e000000, 0x00000007c0000000)
  eden space 40960K, 30% used [0x000000078ab00000,0x000000078b72b658,0x000000078d300000)
  from space 6656K, 0% used [0x000000078d980000,0x000000078d980000,0x000000078e000000)
  to   space 6656K, 0% used [0x000000078d300000,0x000000078d300000,0x000000078d980000)
 ParOldGen       total 109568K, used 0K [0x0000000720000000, 0x0000000726b00000, 0x000000078ab00000)
  object space 109568K, 0% used [0x0000000720000000,0x0000000720000000,0x0000000726b00000)
 Metaspace       used 7334K, capacity 7710K, committed 8064K, reserved 1056768K
  class space    used 880K, capacity 1035K, committed 1152K, reserved 1048576K

Card table byte_map: [0x0000000011ca0000,0x00000000121b0000] byte_map_base: 0x000000000e3a0000

Marking Bits: (ParMarkBitMap*) 0x000000006fc25ce0
 Begin Bits: [0x00000000129c0000, 0x00000000151c0000)
 End Bits:   [0x00000000151c0000, 0x00000000179c0000)

Polling page: 0x0000000000130000

CodeCache: size=245760Kb used=2169Kb max_used=2181Kb free=243590Kb
 bounds [0x00000000028e0000, 0x0000000002b50000, 0x00000000118e0000]
 total_blobs=874 nmethods=484 adapters=304
 compilation: enabled

Compilation events (10 events):
Event: 0.619 Thread 0x000000001a1dc000  480       3       java.util.StringTokenizer::hasMoreTokens (29 bytes)
Event: 0.619 Thread 0x000000001a1dc000 nmethod 480 0x0000000002af80d0 code [0x0000000002af8240, 0x0000000002af8448]
Event: 0.621 Thread 0x000000001a1dc000  481       3       java.lang.String::replace (127 bytes)
Event: 0.622 Thread 0x000000001a1dc000 nmethod 481 0x0000000002afc750 code [0x0000000002afc900, 0x0000000002afcfb0]
Event: 0.623 Thread 0x000000001a1dc000  482       3       java.util.Arrays::copyOf (46 bytes)
Event: 0.624 Thread 0x000000001a1dc000 nmethod 482 0x0000000002afd350 code [0x0000000002afd500, 0x0000000002afdba8]
Event: 0.624 Thread 0x000000001a1d1000  483       4       java.lang.String::getChars (62 bytes)
Event: 0.626 Thread 0x000000001a1d1000 nmethod 483 0x0000000002af73d0 code [0x0000000002af7520, 0x0000000002af7698]
Event: 0.628 Thread 0x00000000188b6800  484       4       java.lang.AbstractStringBuilder::append (50 bytes)
Event: 0.633 Thread 0x00000000188b6800 nmethod 484 0x0000000002afe650 code [0x0000000002afe7a0, 0x0000000002afebb8]

GC Heap History (0 events):
No events

Deoptimization events (1 events):
Event: 0.579 Thread 0x000000001aa56800 Uncommon trap: reason=unstable_if action=reinterpret pc=0x0000000002a823b4 method=java.lang.String.replace(CC)Ljava/lang/String; @ 26

Classes redefined (0 events):
No events

Internal exceptions (9 events):
Event: 0.048 Thread 0x000000000240f000 Exception <a 'java/lang/NoSuchMethodError': Method sun.misc.Unsafe.defineClass(Ljava/lang/String;[BII)Ljava/lang/Class; name or signature does not match> (0x000000078ab07cb8) thrown at [C:\re\workspace\8-2-build-windows-amd64-cygwin\jdk8u221\13320\hotspot
Event: 0.048 Thread 0x000000000240f000 Exception <a 'java/lang/NoSuchMethodError': Method sun.misc.Unsafe.prefetchRead(Ljava/lang/Object;J)V name or signature does not match> (0x000000078ab07fa0) thrown at [C:\re\workspace\8-2-build-windows-amd64-cygwin\jdk8u221\13320\hotspot\src\share\vm\prim
Event: 0.207 Thread 0x000000000240f000 Exception <a 'java/lang/NoSuchFieldError': method resolution failed> (0x000000078ad40c90) thrown at [C:\re\workspace\8-2-build-windows-amd64-cygwin\jdk8u221\13320\hotspot\src\share\vm\prims\methodHandles.cpp, line 1167]
Event: 0.210 Thread 0x000000000240f000 Exception <a 'java/lang/NoSuchFieldError': method resolution failed> (0x000000078ad4e010) thrown at [C:\re\workspace\8-2-build-windows-amd64-cygwin\jdk8u221\13320\hotspot\src\share\vm\prims\methodHandles.cpp, line 1167]
Event: 0.242 Thread 0x000000000240f000 Exception <a 'java/security/PrivilegedActionException'> (0x000000078add8518) thrown at [C:\re\workspace\8-2-build-windows-amd64-cygwin\jdk8u221\13320\hotspot\src\share\vm\prims\jvm.cpp, line 1502]
Event: 0.242 Thread 0x000000000240f000 Exception <a 'java/security/PrivilegedActionException'> (0x000000078add8728) thrown at [C:\re\workspace\8-2-build-windows-amd64-cygwin\jdk8u221\13320\hotspot\src\share\vm\prims\jvm.cpp, line 1502]
Event: 0.243 Thread 0x000000000240f000 Exception <a 'java/security/PrivilegedActionException'> (0x000000078addc398) thrown at [C:\re\workspace\8-2-build-windows-amd64-cygwin\jdk8u221\13320\hotspot\src\share\vm\prims\jvm.cpp, line 1502]
Event: 0.243 Thread 0x000000000240f000 Exception <a 'java/security/PrivilegedActionException'> (0x000000078addc5a8) thrown at [C:\re\workspace\8-2-build-windows-amd64-cygwin\jdk8u221\13320\hotspot\src\share\vm\prims\jvm.cpp, line 1502]
Event: 0.243 Thread 0x000000000240f000 Exception <a 'java/lang/NullPointerException'> (0x000000078addcb80) thrown at [C:\re\workspace\8-2-build-windows-amd64-cygwin\jdk8u221\13320\hotspot\src\share\vm\interpreter\linkResolver.cpp, line 1185]

Events (10 events):
Event: 0.633 loading class java/util/regex/Pattern$Start
Event: 0.633 loading class java/util/regex/Pattern$Start done
Event: 0.633 loading class java/util/regex/Pattern$TreeInfo
Event: 0.633 loading class java/util/regex/Pattern$TreeInfo done
Event: 0.633 loading class java/util/regex/Matcher
Event: 0.633 loading class java/util/regex/MatchResult
Event: 0.633 loading class java/util/regex/MatchResult done
Event: 0.634 loading class java/util/regex/Matcher done
Event: 0.634 loading class javafx/application/Application
Event: 0.634 loading class javafx/application/Application done


Dynamic libraries:
0x000000013fe40000 - 0x000000013fe77000 	C:\Program Files\Java\jre1.8.0_221\bin\javaw.exe
0x0000000077460000 - 0x000000007760a000 	C:\Windows\SYSTEM32\ntdll.dll
0x000007feeeb10000 - 0x000007feeeb22000 	C:\Program Files (x86)\AVG\Antivirus\aswhook.dll
0x0000000077340000 - 0x000000007745f000 	C:\Windows\system32\kernel32.dll
0x000007fefd4a0000 - 0x000007fefd50a000 	C:\Windows\system32\KERNELBASE.dll
0x000007feff0d0000 - 0x000007feff1ab000 	C:\Windows\system32\ADVAPI32.dll
0x000007feff1b0000 - 0x000007feff24f000 	C:\Windows\system32\msvcrt.dll
0x000007fefd510000 - 0x000007fefd52f000 	C:\Windows\SYSTEM32\sechost.dll
0x000007feff640000 - 0x000007feff76d000 	C:\Windows\system32\RPCRT4.dll
0x0000000077240000 - 0x000000007733a000 	C:\Windows\system32\USER32.dll
0x000007fefe200000 - 0x000007fefe267000 	C:\Windows\system32\GDI32.dll
0x000007fefdb20000 - 0x000007fefdb2e000 	C:\Windows\system32\LPK.dll
0x000007fefd710000 - 0x000007fefd7db000 	C:\Windows\system32\USP10.dll
0x000007fefbb50000 - 0x000007fefbd44000 	C:\Windows\WinSxS\amd64_microsoft.windows.common-controls_6595b64144ccf1df_6.0.7601.18837_none_fa3b1e3d17594757\COMCTL32.dll
0x000007fefde00000 - 0x000007fefde71000 	C:\Windows\system32\SHLWAPI.dll
0x000007fefe270000 - 0x000007fefe29e000 	C:\Windows\system32\IMM32.DLL
0x000007feff450000 - 0x000007feff559000 	C:\Windows\system32\MSCTF.dll
0x0000000072bf0000 - 0x0000000072cc2000 	C:\Program Files\Java\jre1.8.0_221\bin\msvcr100.dll
0x000000006f400000 - 0x000000006fca5000 	C:\Program Files\Java\jre1.8.0_221\bin\server\jvm.dll
0x000007fefae50000 - 0x000007fefae59000 	C:\Windows\system32\WSOCK32.dll
0x000007fefe1b0000 - 0x000007fefe1fd000 	C:\Windows\system32\WS2_32.dll
0x000007feff250000 - 0x000007feff258000 	C:\Windows\system32\NSI.dll
0x000007fef79d0000 - 0x000007fef7a0b000 	C:\Windows\system32\WINMM.dll
0x000007fefc230000 - 0x000007fefc23c000 	C:\Windows\system32\VERSION.dll
0x0000000077630000 - 0x0000000077637000 	C:\Windows\system32\PSAPI.DLL
0x000007fef3090000 - 0x000007fef309f000 	C:\Program Files\Java\jre1.8.0_221\bin\verify.dll
0x000007fef2ce0000 - 0x000007fef2d09000 	C:\Program Files\Java\jre1.8.0_221\bin\java.dll
0x000007fef3070000 - 0x000007fef3086000 	C:\Program Files\Java\jre1.8.0_221\bin\zip.dll
0x000007fefe340000 - 0x000007feff0ca000 	C:\Windows\system32\SHELL32.dll
0x000007fefd800000 - 0x000007fefd9fc000 	C:\Windows\system32\ole32.dll
0x000007fefd160000 - 0x000007fefd16f000 	C:\Windows\system32\profapi.dll
0x000007fef29c0000 - 0x000007fef29c3000 	C:\Program Files\Java\jre1.8.0_221\bin\api-ms-win-core-console-l1-1-0.dll
0x000007fef36f0000 - 0x000007fef36f3000 	C:\Program Files\Java\jre1.8.0_221\bin\api-ms-win-core-datetime-l1-1-0.dll
0x000007fef29b0000 - 0x000007fef29b3000 	C:\Program Files\Java\jre1.8.0_221\bin\api-ms-win-core-debug-l1-1-0.dll
0x000007fef29a0000 - 0x000007fef29a3000 	C:\Program Files\Java\jre1.8.0_221\bin\api-ms-win-core-errorhandling-l1-1-0.dll
0x000007fef0e00000 - 0x000007fef0e04000 	C:\Program Files\Java\jre1.8.0_221\bin\api-ms-win-core-file-l1-1-0.dll
0x000007fef0df0000 - 0x000007fef0df3000 	C:\Program Files\Java\jre1.8.0_221\bin\api-ms-win-core-file-l1-2-0.dll
0x000007fef0de0000 - 0x000007fef0de3000 	C:\Program Files\Java\jre1.8.0_221\bin\api-ms-win-core-file-l2-1-0.dll
0x000007fef0dd0000 - 0x000007fef0dd3000 	C:\Program Files\Java\jre1.8.0_221\bin\api-ms-win-core-handle-l1-1-0.dll
0x000007fef0dc0000 - 0x000007fef0dc3000 	C:\Program Files\Java\jre1.8.0_221\bin\api-ms-win-core-heap-l1-1-0.dll
0x000007fef0db0000 - 0x000007fef0db3000 	C:\Program Files\Java\jre1.8.0_221\bin\api-ms-win-core-interlocked-l1-1-0.dll
0x000007fef0da0000 - 0x000007fef0da3000 	C:\Program Files\Java\jre1.8.0_221\bin\api-ms-win-core-libraryloader-l1-1-0.dll
0x000007fef0d90000 - 0x000007fef0d93000 	C:\Program Files\Java\jre1.8.0_221\bin\api-ms-win-core-localization-l1-2-0.dll
0x000007fef0d40000 - 0x000007fef0d43000 	C:\Program Files\Java\jre1.8.0_221\bin\api-ms-win-core-memory-l1-1-0.dll
0x000007fef0d30000 - 0x000007fef0d33000 	C:\Program Files\Java\jre1.8.0_221\bin\api-ms-win-core-namedpipe-l1-1-0.dll
0x000007fef06b0000 - 0x000007fef06b3000 	C:\Program Files\Java\jre1.8.0_221\bin\api-ms-win-core-processenvironment-l1-1-0.dll
0x000007fef06a0000 - 0x000007fef06a3000 	C:\Program Files\Java\jre1.8.0_221\bin\api-ms-win-core-processthreads-l1-1-0.dll
0x000007fef0670000 - 0x000007fef0673000 	C:\Program Files\Java\jre1.8.0_221\bin\api-ms-win-core-processthreads-l1-1-1.dll
0x000007fef0430000 - 0x000007fef0433000 	C:\Program Files\Java\jre1.8.0_221\bin\api-ms-win-core-profile-l1-1-0.dll
0x000007feeff20000 - 0x000007feeff23000 	C:\Program Files\Java\jre1.8.0_221\bin\api-ms-win-core-rtlsupport-l1-1-0.dll
0x000007feef650000 - 0x000007feef653000 	C:\Program Files\Java\jre1.8.0_221\bin\api-ms-win-core-string-l1-1-0.dll
0x000007feef640000 - 0x000007feef643000 	C:\Program Files\Java\jre1.8.0_221\bin\api-ms-win-core-synch-l1-1-0.dll
0x000007feef2f0000 - 0x000007feef2f3000 	C:\Program Files\Java\jre1.8.0_221\bin\api-ms-win-core-synch-l1-2-0.dll
0x000007feef2e0000 - 0x000007feef2e3000 	C:\Program Files\Java\jre1.8.0_221\bin\api-ms-win-core-sysinfo-l1-1-0.dll
0x000007feef2d0000 - 0x000007feef2d3000 	C:\Program Files\Java\jre1.8.0_221\bin\api-ms-win-core-timezone-l1-1-0.dll
0x000007feef2c0000 - 0x000007feef2c3000 	C:\Program Files\Java\jre1.8.0_221\bin\api-ms-win-core-util-l1-1-0.dll
0x000007feef2b0000 - 0x000007feef2b3000 	C:\Program Files\Java\jre1.8.0_221\bin\api-ms-win-crt-conio-l1-1-0.dll
0x000007feef2a0000 - 0x000007feef2a4000 	C:\Program Files\Java\jre1.8.0_221\bin\api-ms-win-crt-convert-l1-1-0.dll
0x000007feef290000 - 0x000007feef293000 	C:\Program Files\Java\jre1.8.0_221\bin\api-ms-win-crt-environment-l1-1-0.dll
0x000007feef280000 - 0x000007feef283000 	C:\Program Files\Java\jre1.8.0_221\bin\api-ms-win-crt-filesystem-l1-1-0.dll
0x000007feef240000 - 0x000007feef243000 	C:\Program Files\Java\jre1.8.0_221\bin\api-ms-win-crt-heap-l1-1-0.dll
0x000007feef230000 - 0x000007feef233000 	C:\Program Files\Java\jre1.8.0_221\bin\api-ms-win-crt-locale-l1-1-0.dll
0x000007feef220000 - 0x000007feef225000 	C:\Program Files\Java\jre1.8.0_221\bin\api-ms-win-crt-math-l1-1-0.dll
0x000007feef200000 - 0x000007feef205000 	C:\Program Files\Java\jre1.8.0_221\bin\api-ms-win-crt-multibyte-l1-1-0.dll
0x000007feef210000 - 0x000007feef220000 	C:\Program Files\Java\jre1.8.0_221\bin\api-ms-win-crt-private-l1-1-0.dll
0x000007feef1e0000 - 0x000007feef1e3000 	C:\Program Files\Java\jre1.8.0_221\bin\api-ms-win-crt-process-l1-1-0.dll
0x000007feef1f0000 - 0x000007feef1f4000 	C:\Program Files\Java\jre1.8.0_221\bin\api-ms-win-crt-runtime-l1-1-0.dll
0x000007feef1c0000 - 0x000007feef1c4000 	C:\Program Files\Java\jre1.8.0_221\bin\api-ms-win-crt-stdio-l1-1-0.dll
0x000007feef1d0000 - 0x000007feef1d4000 	C:\Program Files\Java\jre1.8.0_221\bin\api-ms-win-crt-string-l1-1-0.dll
0x000007feef1a0000 - 0x000007feef1a3000 	C:\Program Files\Java\jre1.8.0_221\bin\api-ms-win-crt-time-l1-1-0.dll
0x000007feef1b0000 - 0x000007feef1b3000 	C:\Program Files\Java\jre1.8.0_221\bin\api-ms-win-crt-utility-l1-1-0.dll
0x000007feea0e0000 - 0x000007feea1d6000 	C:\Program Files\Java\jre1.8.0_221\bin\ucrtbase.dll
0x000007feeda70000 - 0x000007feeda86000 	C:\Program Files\Java\jre1.8.0_221\bin\vcruntime140.dll
0x000007feea850000 - 0x000007feea8fa000 	C:\Program Files\Java\jre1.8.0_221\bin\msvcp140.dll
0x000007feeda10000 - 0x000007feeda64000 	C:\Program Files\Java\jre1.8.0_221\bin\concrt140.dll
0x000007feef170000 - 0x000007feef193000 	C:\Program Files\Java\jre1.8.0_221\bin\prism_d3d.dll
0x000007fee3560000 - 0x000007fee375f000 	C:\Windows\system32\d3d9.dll
0x000007fee3550000 - 0x000007fee3557000 	C:\Windows\system32\d3d8thk.dll
0x000007fefb0c0000 - 0x000007fefb0d8000 	C:\Windows\system32\dwmapi.dll
0x000007fefb6e0000 - 0x000007fefb736000 	C:\Windows\system32\uxtheme.dll
0x000007fef6f50000 - 0x000007fef7094000 	C:\Windows\system32\aticfx64.dll
0x000007fef0680000 - 0x000007fef06a0000 	C:\Windows\system32\atiu9p64.dll
0x000007fecc940000 - 0x000007fecd0a1000 	C:\Windows\system32\atiumd64.dll
0x000000006fcd0000 - 0x000000007055d000 	C:\Windows\system32\atiumd6a.dll
0x000007feebf70000 - 0x000007feebfb9000 	C:\Program Files\Java\jre1.8.0_221\bin\glass.dll
0x000007fefe2a0000 - 0x000007fefe337000 	C:\Windows\system32\COMDLG32.dll
0x000007feff560000 - 0x000007feff63a000 	C:\Windows\system32\OLEAUT32.dll
0x000007fefcff0000 - 0x000007fefcfff000 	C:\Windows\system32\CRYPTBASE.dll
0x000007fef9a60000 - 0x000007fef9b85000 	C:\Windows\system32\dbghelp.dll

VM Arguments:
jvm_args: -Dfile.encoding=Cp1252 
java_command: application.App
java_class_path (initial): D:\Faks\Treca godina\Drugi semestar\VELIKI PROJEKAT\PROJEKAT IZ SVEGA\OOPIspit\bin
Launcher Type: SUN_STANDARD

Environment Variables:
PATH=C:/Program Files/Java/jre1.8.0_221/bin/server;C:/Program Files/Java/jre1.8.0_221/bin;C:/Program Files/Java/jre1.8.0_221/lib/amd64;C:\Program Files (x86)\Common Files\Oracle\Java\javapath;C:\Program Files (x86)\NVIDIA Corporation\PhysX\Common;C:\ProgramData\Oracle\Java\javapath;C:\Program Files\Common Files\Microsoft Shared\Windows Live;C:\Program Files (x86)\AMD APP\bin\x86_64;C:\Program Files (x86)\AMD APP\bin\x86;C:\Windows\system32;C:\Windows;C:\Windows\System32\Wbem;C:\Windows\System32\WindowsPowerShell\v1.0\;C:\Program Files (x86)\ATI Technologies\ATI.ACE\Core-Static;C:\Program Files (x86)\Microsoft SQL Server\100\Tools\Binn\;C:\Program Files\Microsoft SQL Server\100\Tools\Binn\;C:\Program Files\Microsoft SQL Server\100\DTS\Binn\;C:\Program Files (x86)\Microsoft SQL Server\100\Tools\Binn\VSShell\Common7\IDE\;C:\Program Files (x86)\Microsoft SQL Server\100\DTS\Binn\;C:\Program Files\Microsoft SQL Server\110\Tools\Binn\;C:\Program Files (x86)\Microsoft SDKs\TypeScript\1.0\;C:\Program Files\Microsoft SQL Server\120\Tools\Binn\;C:\Program Files\MySQL\MySQL Utilities 1.6\;D:\Visual Studio Code\nodejs\;C:\Program Files\Git\cmd;C:\Program Files\Common Files\Microsoft Shared\Windows Live;D:\Visual Studio\Microsoft VS Code\bin;C:\Users\Budincevic\AppData\Roaming\npm;C:\Windows\system32;
USERNAME=Budincevic
OS=Windows_NT
PROCESSOR_IDENTIFIER=AMD64 Family 16 Model 5 Stepping 2, AuthenticAMD



---------------  S Y S T E M  ---------------

OS: Windows 7 , 64 bit Build 7601 (6.1.7601.23915)

CPU:total 4 (initial active 4) (4 cores per cpu, 1 threads per core) family 16 model 5 stepping 2, cmov, cx8, fxsr, mmx, sse, sse2, sse3, popcnt, mmxext, 3dnowpref, lzcnt, sse4a, tsc, tscinvbit, tscinv

Memory: 4k page, physical 10484916k(5279376k free), swap 20967972k(14913984k free)

vm_info: Java HotSpot(TM) 64-Bit Server VM (25.221-b11) for windows-amd64 JRE (1.8.0_221-b11), built on Jul  4 2019 04:39:29 by "java_re" with MS VC++ 10.0 (VS2010)

time: Sun Jul 28 14:32:42 2019
timezone: Central Europe Daylight Time
elapsed time: 0 seconds (0d 0h 0m 0s)

